<?xml version="1.0" encoding="UTF-8"?>
<testsuites>
  <testsuite name="Application Test Suite" tests="20" assertions="23" errors="1" warnings="0" failures="10" skipped="0" time="47.381141">
    <testsuite name="tests\Unit\DatabaseTest" file="E:\xampp3\htdocs\search_api\tests\Unit\DatabaseTest.php" tests="1" assertions="0" errors="1" warnings="0" failures="0" skipped="0" time="4.175483">
      <testcase name="testIfRestaurantsTableExist" class="tests\Unit\DatabaseTest" classname="tests.Unit.DatabaseTest" file="E:\xampp3\htdocs\search_api\tests\Unit\DatabaseTest.php" line="14" assertions="0" time="4.175483">
        <error type="Illuminate\Database\QueryException">tests\Unit\DatabaseTest::testIfRestaurantsTableExist
Illuminate\Database\QueryException: SQLSTATE[HY000] [2002] No connection could be made because the target machine actively refused it.&#13;
 (SQL: select count(*) as aggregate from `restaurants` where (`id` = 98001230))

E:\xampp3\htdocs\search_api\vendor\illuminate\database\Connection.php:669
E:\xampp3\htdocs\search_api\vendor\illuminate\database\Connection.php:629
E:\xampp3\htdocs\search_api\vendor\illuminate\database\Connection.php:338
E:\xampp3\htdocs\search_api\vendor\illuminate\database\Query\Builder.php:2130
E:\xampp3\htdocs\search_api\vendor\illuminate\database\Query\Builder.php:2118
E:\xampp3\htdocs\search_api\vendor\illuminate\database\Query\Builder.php:2584
E:\xampp3\htdocs\search_api\vendor\illuminate\database\Query\Builder.php:2119
E:\xampp3\htdocs\search_api\vendor\illuminate\database\Query\Builder.php:2511
E:\xampp3\htdocs\search_api\vendor\illuminate\database\Query\Builder.php:2439
E:\xampp3\htdocs\search_api\vendor\laravel\lumen-framework\src\Testing\TestCase.php:140
E:\xampp3\htdocs\search_api\tests\Unit\DatabaseTest.php:16
</error>
      </testcase>
    </testsuite>
    <testsuite name="tests\Unit\FunctionTest" file="E:\xampp3\htdocs\search_api\tests\Unit\FunctionTest.php" tests="4" assertions="4" errors="0" warnings="0" failures="0" skipped="0" time="0.015873">
      <testcase name="testShouldReturnRestaurentsFieldNameWhenSortValueIsValidTest1" class="tests\Unit\FunctionTest" classname="tests.Unit.FunctionTest" file="E:\xampp3\htdocs\search_api\tests\Unit\FunctionTest.php" line="16" assertions="1" time="0.004688"/>
      <testcase name="testShouldReturnRestaurentsFieldNameWhenSortValueIsValidTest2" class="tests\Unit\FunctionTest" classname="tests.Unit.FunctionTest" file="E:\xampp3\htdocs\search_api\tests\Unit\FunctionTest.php" line="28" assertions="1" time="0.004183"/>
      <testcase name="testShouldReturnRestaurentsFieldNameWhenSortValueIsValidTest3" class="tests\Unit\FunctionTest" classname="tests.Unit.FunctionTest" file="E:\xampp3\htdocs\search_api\tests\Unit\FunctionTest.php" line="40" assertions="1" time="0.004014"/>
      <testcase name="testShouldReturnFalseWhenSortValueIsEmpty" class="tests\Unit\FunctionTest" classname="tests.Unit.FunctionTest" file="E:\xampp3\htdocs\search_api\tests\Unit\FunctionTest.php" line="52" assertions="1" time="0.002988"/>
    </testsuite>
    <testsuite name="tests\Unit\ResponseTest" file="E:\xampp3\htdocs\search_api\tests\Unit\ResponseTest.php" tests="12" assertions="16" errors="0" warnings="0" failures="8" skipped="0" time="34.846717">
      <testcase name="testRestaurantsListResponseV1" class="tests\Unit\ResponseTest" classname="tests.Unit.ResponseTest" file="E:\xampp3\htdocs\search_api\tests\Unit\ResponseTest.php" line="15" assertions="1" time="6.441366">
        <failure type="PHPUnit\Framework\AssertionFailedError">tests\Unit\ResponseTest::testRestaurantsListResponseV1
Invalid JSON was returned from the route. Perhaps an exception was thrown?

E:\xampp3\htdocs\search_api\vendor\laravel\lumen-framework\src\Testing\Concerns\MakesHttpRequests.php:312
E:\xampp3\htdocs\search_api\vendor\laravel\lumen-framework\src\Testing\Concerns\MakesHttpRequests.php:249
E:\xampp3\htdocs\search_api\tests\Unit\ResponseTest.php:21
</failure>
      </testcase>
      <testcase name="testResponseFromRestaurantsAPISoryByEmptyParametersV1" class="tests\Unit\ResponseTest" classname="tests.Unit.ResponseTest" file="E:\xampp3\htdocs\search_api\tests\Unit\ResponseTest.php" line="25" assertions="2" time="0.015539"/>
      <testcase name="testResponseFromRestaurantsAPISoryByInvalidParametersV1" class="tests\Unit\ResponseTest" classname="tests.Unit.ResponseTest" file="E:\xampp3\htdocs\search_api\tests\Unit\ResponseTest.php" line="34" assertions="2" time="0.007172"/>
      <testcase name="testResponseFromRestaurantsAPISoryByValidParametersV1" class="tests\Unit\ResponseTest" classname="tests.Unit.ResponseTest" file="E:\xampp3\htdocs\search_api\tests\Unit\ResponseTest.php" line="43" assertions="1" time="4.041708">
        <failure type="PHPUnit\Framework\ExpectationFailedException">tests\Unit\ResponseTest::testResponseFromRestaurantsAPISoryByValidParametersV1
Unable to find JSON fragment ["code":200] within [{"exception":"Illuminate\\Database\\QueryException","file":"E:\\xampp3\\htdocs\\search_api\\vendor\\illuminate\\database\\Connection.php","line":669,"message":"SQLSTATE[HY000] [2002] No connection could be made because the target machine actively refused it.\r\n (SQL: select * from `restaurants` order by `bestMatch` asc)","trace":[{"class":"App\\Http\\Controllers\\Api\\v1\\RestaurantController","function":"getList","type":"-&gt;"},{"file":"E:\\xampp3\\htdocs\\search_api\\vendor\\illuminate\\container\\BoundMethod.php","function":"call_user_func_array","line":32},{"class":"App\\Repositories\\RestaurantRepository","file":"E:\\xampp3\\htdocs\\search_api\\app\\Services\\Api\\v1\\RestaurantService.php","function":"fetchData","line":70,"type":"-&gt;"},{"class":"App\\Services\\Api\\v1\\RestaurantService","file":"E:\\xampp3\\htdocs\\search_api\\app\\Http\\Controllers\\Api\\v1\\RestaurantController.php","function":"listData","line":29,"type":"-&gt;"},{"class":"Illuminate\\Container\\BoundMethod","file":"E:\\xampp3\\htdocs\\search_api\\vendor\\illuminate\\container\\BoundMethod.php","function":"callBoundMethod","line":34,"type":"::"},{"class":"Illuminate\\Container\\BoundMethod","file":"E:\\xampp3\\htdocs\\search_api\\vendor\\illuminate\\container\\Container.php","function":"call","line":590,"type":"::"},{"class":"Illuminate\\Container\\BoundMethod","file":"E:\\xampp3\\htdocs\\search_api\\vendor\\illuminate\\container\\Util.php","function":"Illuminate\\Container\\{closure}","line":36,"type":"::"},{"class":"Illuminate\\Container\\Container","file":"E:\\xampp3\\htdocs\\search_api\\vendor\\laravel\\lumen-framework\\src\\Concerns\\RoutesRequests.php","function":"call","line":376,"type":"-&gt;"},{"class":"Illuminate\\Container\\Util","file":"E:\\xampp3\\htdocs\\search_api\\vendor\\illuminate\\container\\BoundMethod.php","function":"unwrapIfClosure","line":90,"type":"::"},{"class":"Illuminate\\Database\\Connection","file":"E:\\xampp3\\htdocs\\search_api\\vendor\\illuminate\\database\\Connection.php","function":"run","line":338,"type":"-&gt;"},{"class":"Illuminate\\Database\\Connection","file":"E:\\xampp3\\htdocs\\search_api\\vendor\\illuminate\\database\\Connection.php","function":"runQueryCallback","line":629,"type":"-&gt;"},{"class":"Illuminate\\Database\\Connection","file":"E:\\xampp3\\htdocs\\search_api\\vendor\\illuminate\\database\\Query\\Builder.php","function":"select","line":2130,"type":"-&gt;"},{"class":"Illuminate\\Database\\Eloquent\\Builder","file":"E:\\xampp3\\htdocs\\search_api\\app\\Repositories\\RestaurantRepository.php","function":"get","line":26,"type":"-&gt;"},{"class":"Illuminate\\Database\\Eloquent\\Builder","file":"E:\\xampp3\\htdocs\\search_api\\vendor\\illuminate\\database\\Eloquent\\Builder.php","function":"getModels","line":505,"type":"-&gt;"},{"class":"Illuminate\\Database\\Query\\Builder","file":"E:\\xampp3\\htdocs\\search_api\\vendor\\illuminate\\database\\Eloquent\\Builder.php","function":"get","line":521,"type":"-&gt;"},{"class":"Illuminate\\Database\\Query\\Builder","file":"E:\\xampp3\\htdocs\\search_api\\vendor\\illuminate\\database\\Query\\Builder.php","function":"Illuminate\\Database\\Query\\{closure}","line":2584,"type":"-&gt;"},{"class":"Illuminate\\Database\\Query\\Builder","file":"E:\\xampp3\\htdocs\\search_api\\vendor\\illuminate\\database\\Query\\Builder.php","function":"onceWithColumns","line":2119,"type":"-&gt;"},{"class":"Illuminate\\Database\\Query\\Builder","file":"E:\\xampp3\\htdocs\\search_api\\vendor\\illuminate\\database\\Query\\Builder.php","function":"runSelect","line":2118,"type":"-&gt;"},{"class":"Laravel\\Lumen\\Application","file":"E:\\xampp3\\htdocs\\search_api\\vendor\\laravel\\lumen-framework\\src\\Concerns\\RoutesRequests.php","function":"Laravel\\Lumen\\Concerns\\{closure}","line":416,"type":"-&gt;"},{"class":"Laravel\\Lumen\\Application","file":"E:\\xampp3\\htdocs\\search_api\\vendor\\laravel\\lumen-framework\\src\\Concerns\\RoutesRequests.php","function":"callActionOnArrayBasedRoute","line":263,"type":"-&gt;"},{"class":"Laravel\\Lumen\\Application","file":"E:\\xampp3\\htdocs\\search_api\\vendor\\laravel\\lumen-framework\\src\\Concerns\\RoutesRequests.php","function":"callControllerAction","line":278,"type":"-&gt;"},{"class":"Laravel\\Lumen\\Application","file":"E:\\xampp3\\htdocs\\search_api\\vendor\\laravel\\lumen-framework\\src\\Concerns\\RoutesRequests.php","function":"callControllerCallable","line":342,"type":"-&gt;"},{"class":"Laravel\\Lumen\\Application","file":"E:\\xampp3\\htdocs\\search_api\\vendor\\laravel\\lumen-framework\\src\\Concerns\\RoutesRequests.php","function":"callLumenController","line":316,"type":"-&gt;"},{"class":"Laravel\\Lumen\\Application","file":"E:\\xampp3\\htdocs\\search_api\\vendor\\laravel\\lumen-framework\\src\\Concerns\\RoutesRequests.php","function":"dispatch","line":91,"type":"-&gt;"},{"class":"Laravel\\Lumen\\Application","file":"E:\\xampp3\\htdocs\\search_api\\vendor\\laravel\\lumen-framework\\src\\Concerns\\RoutesRequests.php","function":"handleFoundRoute","line":165,"type":"-&gt;"},{"class":"Laravel\\Lumen\\Application","file":"E:\\xampp3\\htdocs\\search_api\\vendor\\laravel\\lumen-framework\\src\\Concerns\\RoutesRequests.php","function":"sendThroughPipeline","line":171,"type":"-&gt;"},{"class":"Laravel\\Lumen\\Application","file":"E:\\xampp3\\htdocs\\search_api\\vendor\\laravel\\lumen-framework\\src\\Testing\\Concerns\\MakesHttpRequests.php","function":"handle","line":388,"type":"-&gt;"},{"class":"Laravel\\Lumen\\Testing\\TestCase","file":"E:\\xampp3\\htdocs\\search_api\\tests\\Unit\\ResponseTest.php","function":"json","line":45,"type":"-&gt;"},{"class":"Laravel\\Lumen\\Testing\\TestCase","file":"E:\\xampp3\\htdocs\\search_api\\vendor\\laravel\\lumen-framework\\src\\Testing\\Concerns\\MakesHttpRequests.php","function":"call","line":48,"type":"-&gt;"},{"class":"PHPUnit\\Framework\\TestCase","file":"E:\\xampp3\\htdocs\\search_api\\vendor\\phpunit\\phpunit\\src\\Framework\\TestCase.php","function":"runTest","line":1028,"type":"-&gt;"},{"class":"PHPUnit\\Framework\\TestCase","file":"E:\\xampp3\\htdocs\\search_api\\vendor\\phpunit\\phpunit\\src\\Framework\\TestResult.php","function":"runBare","line":691,"type":"-&gt;"},{"class":"PHPUnit\\Framework\\TestCase","file":"E:\\xampp3\\htdocs\\search_api\\vendor\\phpunit\\phpunit\\src\\Framework\\TestSuite.php","function":"run","line":597,"type":"-&gt;"},{"class":"PHPUnit\\Framework\\TestResult","file":"E:\\xampp3\\htdocs\\search_api\\vendor\\phpunit\\phpunit\\src\\Framework\\TestCase.php","function":"run","line":756,"type":"-&gt;"},{"class":"PHPUnit\\Framework\\TestSuite","file":"E:\\xampp3\\htdocs\\search_api\\vendor\\phpunit\\phpunit\\src\\Framework\\TestSuite.php","function":"run","line":597,"type":"-&gt;"},{"class":"PHPUnit\\Framework\\TestSuite","file":"E:\\xampp3\\htdocs\\search_api\\vendor\\phpunit\\phpunit\\src\\TextUI\\TestRunner.php","function":"run","line":621,"type":"-&gt;"},{"class":"PHPUnit\\TextUI\\Command","file":"E:\\xampp3\\htdocs\\search_api\\vendor\\phpunit\\phpunit\\phpunit","function":"main","line":61,"type":"::"},{"class":"PHPUnit\\TextUI\\Command","file":"E:\\xampp3\\htdocs\\search_api\\vendor\\phpunit\\phpunit\\src\\TextUI\\Command.php","function":"run","line":159,"type":"-&gt;"},{"class":"PHPUnit\\TextUI\\TestRunner","file":"E:\\xampp3\\htdocs\\search_api\\vendor\\phpunit\\phpunit\\src\\TextUI\\Command.php","function":"doRun","line":200,"type":"-&gt;"},{"class":"tests\\Unit\\ResponseTest","file":"E:\\xampp3\\htdocs\\search_api\\vendor\\phpunit\\phpunit\\src\\Framework\\TestCase.php","function":"testResponseFromRestaurantsAPISoryByValidParametersV1","line":1408,"type":"-&gt;"}]}].
Failed asserting that false is true.

E:\xampp3\htdocs\search_api\vendor\laravel\lumen-framework\src\Testing\Concerns\MakesHttpRequests.php:324
E:\xampp3\htdocs\search_api\vendor\laravel\lumen-framework\src\Testing\Concerns\MakesHttpRequests.php:249
E:\xampp3\htdocs\search_api\tests\Unit\ResponseTest.php:49
</failure>
      </testcase>
      <testcase name="testResponseFromRestaurantsAPISearchByNameExistInDBV1" class="tests\Unit\ResponseTest" classname="tests.Unit.ResponseTest" file="E:\xampp3\htdocs\search_api\tests\Unit\ResponseTest.php" line="53" assertions="1" time="4.041958">
        <failure type="PHPUnit\Framework\ExpectationFailedException">tests\Unit\ResponseTest::testResponseFromRestaurantsAPISearchByNameExistInDBV1
Unable to find JSON fragment ["code":200] within [{"exception":"Illuminate\\Database\\QueryException","file":"E:\\xampp3\\htdocs\\search_api\\vendor\\illuminate\\database\\Connection.php","line":669,"message":"SQLSTATE[HY000] [2002] No connection could be made because the target machine actively refused it.\r\n (SQL: select * from `restaurants` where `name` LIKE %classic% order by `open` asc)","trace":[{"class":"App\\Http\\Controllers\\Api\\v1\\RestaurantController","function":"getList","type":"-&gt;"},{"file":"E:\\xampp3\\htdocs\\search_api\\vendor\\illuminate\\container\\BoundMethod.php","function":"call_user_func_array","line":32},{"class":"App\\Repositories\\RestaurantRepository","file":"E:\\xampp3\\htdocs\\search_api\\app\\Services\\Api\\v1\\RestaurantService.php","function":"fetchData","line":70,"type":"-&gt;"},{"class":"App\\Services\\Api\\v1\\RestaurantService","file":"E:\\xampp3\\htdocs\\search_api\\app\\Http\\Controllers\\Api\\v1\\RestaurantController.php","function":"listData","line":29,"type":"-&gt;"},{"class":"Illuminate\\Container\\BoundMethod","file":"E:\\xampp3\\htdocs\\search_api\\vendor\\illuminate\\container\\BoundMethod.php","function":"callBoundMethod","line":34,"type":"::"},{"class":"Illuminate\\Container\\BoundMethod","file":"E:\\xampp3\\htdocs\\search_api\\vendor\\illuminate\\container\\Container.php","function":"call","line":590,"type":"::"},{"class":"Illuminate\\Container\\BoundMethod","file":"E:\\xampp3\\htdocs\\search_api\\vendor\\illuminate\\container\\Util.php","function":"Illuminate\\Container\\{closure}","line":36,"type":"::"},{"class":"Illuminate\\Container\\Container","file":"E:\\xampp3\\htdocs\\search_api\\vendor\\laravel\\lumen-framework\\src\\Concerns\\RoutesRequests.php","function":"call","line":376,"type":"-&gt;"},{"class":"Illuminate\\Container\\Util","file":"E:\\xampp3\\htdocs\\search_api\\vendor\\illuminate\\container\\BoundMethod.php","function":"unwrapIfClosure","line":90,"type":"::"},{"class":"Illuminate\\Database\\Connection","file":"E:\\xampp3\\htdocs\\search_api\\vendor\\illuminate\\database\\Connection.php","function":"run","line":338,"type":"-&gt;"},{"class":"Illuminate\\Database\\Connection","file":"E:\\xampp3\\htdocs\\search_api\\vendor\\illuminate\\database\\Connection.php","function":"runQueryCallback","line":629,"type":"-&gt;"},{"class":"Illuminate\\Database\\Connection","file":"E:\\xampp3\\htdocs\\search_api\\vendor\\illuminate\\database\\Query\\Builder.php","function":"select","line":2130,"type":"-&gt;"},{"class":"Illuminate\\Database\\Eloquent\\Builder","file":"E:\\xampp3\\htdocs\\search_api\\app\\Repositories\\RestaurantRepository.php","function":"get","line":26,"type":"-&gt;"},{"class":"Illuminate\\Database\\Eloquent\\Builder","file":"E:\\xampp3\\htdocs\\search_api\\vendor\\illuminate\\database\\Eloquent\\Builder.php","function":"getModels","line":505,"type":"-&gt;"},{"class":"Illuminate\\Database\\Query\\Builder","file":"E:\\xampp3\\htdocs\\search_api\\vendor\\illuminate\\database\\Eloquent\\Builder.php","function":"get","line":521,"type":"-&gt;"},{"class":"Illuminate\\Database\\Query\\Builder","file":"E:\\xampp3\\htdocs\\search_api\\vendor\\illuminate\\database\\Query\\Builder.php","function":"Illuminate\\Database\\Query\\{closure}","line":2584,"type":"-&gt;"},{"class":"Illuminate\\Database\\Query\\Builder","file":"E:\\xampp3\\htdocs\\search_api\\vendor\\illuminate\\database\\Query\\Builder.php","function":"onceWithColumns","line":2119,"type":"-&gt;"},{"class":"Illuminate\\Database\\Query\\Builder","file":"E:\\xampp3\\htdocs\\search_api\\vendor\\illuminate\\database\\Query\\Builder.php","function":"runSelect","line":2118,"type":"-&gt;"},{"class":"Laravel\\Lumen\\Application","file":"E:\\xampp3\\htdocs\\search_api\\vendor\\laravel\\lumen-framework\\src\\Concerns\\RoutesRequests.php","function":"Laravel\\Lumen\\Concerns\\{closure}","line":416,"type":"-&gt;"},{"class":"Laravel\\Lumen\\Application","file":"E:\\xampp3\\htdocs\\search_api\\vendor\\laravel\\lumen-framework\\src\\Concerns\\RoutesRequests.php","function":"callActionOnArrayBasedRoute","line":263,"type":"-&gt;"},{"class":"Laravel\\Lumen\\Application","file":"E:\\xampp3\\htdocs\\search_api\\vendor\\laravel\\lumen-framework\\src\\Concerns\\RoutesRequests.php","function":"callControllerAction","line":278,"type":"-&gt;"},{"class":"Laravel\\Lumen\\Application","file":"E:\\xampp3\\htdocs\\search_api\\vendor\\laravel\\lumen-framework\\src\\Concerns\\RoutesRequests.php","function":"callControllerCallable","line":342,"type":"-&gt;"},{"class":"Laravel\\Lumen\\Application","file":"E:\\xampp3\\htdocs\\search_api\\vendor\\laravel\\lumen-framework\\src\\Concerns\\RoutesRequests.php","function":"callLumenController","line":316,"type":"-&gt;"},{"class":"Laravel\\Lumen\\Application","file":"E:\\xampp3\\htdocs\\search_api\\vendor\\laravel\\lumen-framework\\src\\Concerns\\RoutesRequests.php","function":"dispatch","line":91,"type":"-&gt;"},{"class":"Laravel\\Lumen\\Application","file":"E:\\xampp3\\htdocs\\search_api\\vendor\\laravel\\lumen-framework\\src\\Concerns\\RoutesRequests.php","function":"handleFoundRoute","line":165,"type":"-&gt;"},{"class":"Laravel\\Lumen\\Application","file":"E:\\xampp3\\htdocs\\search_api\\vendor\\laravel\\lumen-framework\\src\\Concerns\\RoutesRequests.php","function":"sendThroughPipeline","line":171,"type":"-&gt;"},{"class":"Laravel\\Lumen\\Application","file":"E:\\xampp3\\htdocs\\search_api\\vendor\\laravel\\lumen-framework\\src\\Testing\\Concerns\\MakesHttpRequests.php","function":"handle","line":388,"type":"-&gt;"},{"class":"Laravel\\Lumen\\Testing\\TestCase","file":"E:\\xampp3\\htdocs\\search_api\\tests\\Unit\\ResponseTest.php","function":"json","line":55,"type":"-&gt;"},{"class":"Laravel\\Lumen\\Testing\\TestCase","file":"E:\\xampp3\\htdocs\\search_api\\vendor\\laravel\\lumen-framework\\src\\Testing\\Concerns\\MakesHttpRequests.php","function":"call","line":48,"type":"-&gt;"},{"class":"PHPUnit\\Framework\\TestCase","file":"E:\\xampp3\\htdocs\\search_api\\vendor\\phpunit\\phpunit\\src\\Framework\\TestCase.php","function":"runTest","line":1028,"type":"-&gt;"},{"class":"PHPUnit\\Framework\\TestCase","file":"E:\\xampp3\\htdocs\\search_api\\vendor\\phpunit\\phpunit\\src\\Framework\\TestResult.php","function":"runBare","line":691,"type":"-&gt;"},{"class":"PHPUnit\\Framework\\TestCase","file":"E:\\xampp3\\htdocs\\search_api\\vendor\\phpunit\\phpunit\\src\\Framework\\TestSuite.php","function":"run","line":597,"type":"-&gt;"},{"class":"PHPUnit\\Framework\\TestResult","file":"E:\\xampp3\\htdocs\\search_api\\vendor\\phpunit\\phpunit\\src\\Framework\\TestCase.php","function":"run","line":756,"type":"-&gt;"},{"class":"PHPUnit\\Framework\\TestSuite","file":"E:\\xampp3\\htdocs\\search_api\\vendor\\phpunit\\phpunit\\src\\Framework\\TestSuite.php","function":"run","line":597,"type":"-&gt;"},{"class":"PHPUnit\\Framework\\TestSuite","file":"E:\\xampp3\\htdocs\\search_api\\vendor\\phpunit\\phpunit\\src\\TextUI\\TestRunner.php","function":"run","line":621,"type":"-&gt;"},{"class":"PHPUnit\\TextUI\\Command","file":"E:\\xampp3\\htdocs\\search_api\\vendor\\phpunit\\phpunit\\phpunit","function":"main","line":61,"type":"::"},{"class":"PHPUnit\\TextUI\\Command","file":"E:\\xampp3\\htdocs\\search_api\\vendor\\phpunit\\phpunit\\src\\TextUI\\Command.php","function":"run","line":159,"type":"-&gt;"},{"class":"PHPUnit\\TextUI\\TestRunner","file":"E:\\xampp3\\htdocs\\search_api\\vendor\\phpunit\\phpunit\\src\\TextUI\\Command.php","function":"doRun","line":200,"type":"-&gt;"},{"class":"tests\\Unit\\ResponseTest","file":"E:\\xampp3\\htdocs\\search_api\\vendor\\phpunit\\phpunit\\src\\Framework\\TestCase.php","function":"testResponseFromRestaurantsAPISearchByNameExistInDBV1","line":1408,"type":"-&gt;"}]}].
Failed asserting that false is true.

E:\xampp3\htdocs\search_api\vendor\laravel\lumen-framework\src\Testing\Concerns\MakesHttpRequests.php:324
E:\xampp3\htdocs\search_api\vendor\laravel\lumen-framework\src\Testing\Concerns\MakesHttpRequests.php:249
E:\xampp3\htdocs\search_api\tests\Unit\ResponseTest.php:60
</failure>
      </testcase>
      <testcase name="testResponseFromRestaurantsAPISearchByNameNotExistInDBV1" class="tests\Unit\ResponseTest" classname="tests.Unit.ResponseTest" file="E:\xampp3\htdocs\search_api\tests\Unit\ResponseTest.php" line="64" assertions="1" time="4.056016">
        <failure type="PHPUnit\Framework\ExpectationFailedException">tests\Unit\ResponseTest::testResponseFromRestaurantsAPISearchByNameNotExistInDBV1
Unable to find JSON fragment ["code":200] within [{"exception":"Illuminate\\Database\\QueryException","file":"E:\\xampp3\\htdocs\\search_api\\vendor\\illuminate\\database\\Connection.php","line":669,"message":"SQLSTATE[HY000] [2002] No connection could be made because the target machine actively refused it.\r\n (SQL: select * from `restaurants` where `name` LIKE %No Similar Data% order by `open` asc)","trace":[{"class":"App\\Http\\Controllers\\Api\\v1\\RestaurantController","function":"getList","type":"-&gt;"},{"file":"E:\\xampp3\\htdocs\\search_api\\vendor\\illuminate\\container\\BoundMethod.php","function":"call_user_func_array","line":32},{"class":"App\\Repositories\\RestaurantRepository","file":"E:\\xampp3\\htdocs\\search_api\\app\\Services\\Api\\v1\\RestaurantService.php","function":"fetchData","line":70,"type":"-&gt;"},{"class":"App\\Services\\Api\\v1\\RestaurantService","file":"E:\\xampp3\\htdocs\\search_api\\app\\Http\\Controllers\\Api\\v1\\RestaurantController.php","function":"listData","line":29,"type":"-&gt;"},{"class":"Illuminate\\Container\\BoundMethod","file":"E:\\xampp3\\htdocs\\search_api\\vendor\\illuminate\\container\\BoundMethod.php","function":"callBoundMethod","line":34,"type":"::"},{"class":"Illuminate\\Container\\BoundMethod","file":"E:\\xampp3\\htdocs\\search_api\\vendor\\illuminate\\container\\Container.php","function":"call","line":590,"type":"::"},{"class":"Illuminate\\Container\\BoundMethod","file":"E:\\xampp3\\htdocs\\search_api\\vendor\\illuminate\\container\\Util.php","function":"Illuminate\\Container\\{closure}","line":36,"type":"::"},{"class":"Illuminate\\Container\\Container","file":"E:\\xampp3\\htdocs\\search_api\\vendor\\laravel\\lumen-framework\\src\\Concerns\\RoutesRequests.php","function":"call","line":376,"type":"-&gt;"},{"class":"Illuminate\\Container\\Util","file":"E:\\xampp3\\htdocs\\search_api\\vendor\\illuminate\\container\\BoundMethod.php","function":"unwrapIfClosure","line":90,"type":"::"},{"class":"Illuminate\\Database\\Connection","file":"E:\\xampp3\\htdocs\\search_api\\vendor\\illuminate\\database\\Connection.php","function":"run","line":338,"type":"-&gt;"},{"class":"Illuminate\\Database\\Connection","file":"E:\\xampp3\\htdocs\\search_api\\vendor\\illuminate\\database\\Connection.php","function":"runQueryCallback","line":629,"type":"-&gt;"},{"class":"Illuminate\\Database\\Connection","file":"E:\\xampp3\\htdocs\\search_api\\vendor\\illuminate\\database\\Query\\Builder.php","function":"select","line":2130,"type":"-&gt;"},{"class":"Illuminate\\Database\\Eloquent\\Builder","file":"E:\\xampp3\\htdocs\\search_api\\app\\Repositories\\RestaurantRepository.php","function":"get","line":26,"type":"-&gt;"},{"class":"Illuminate\\Database\\Eloquent\\Builder","file":"E:\\xampp3\\htdocs\\search_api\\vendor\\illuminate\\database\\Eloquent\\Builder.php","function":"getModels","line":505,"type":"-&gt;"},{"class":"Illuminate\\Database\\Query\\Builder","file":"E:\\xampp3\\htdocs\\search_api\\vendor\\illuminate\\database\\Eloquent\\Builder.php","function":"get","line":521,"type":"-&gt;"},{"class":"Illuminate\\Database\\Query\\Builder","file":"E:\\xampp3\\htdocs\\search_api\\vendor\\illuminate\\database\\Query\\Builder.php","function":"Illuminate\\Database\\Query\\{closure}","line":2584,"type":"-&gt;"},{"class":"Illuminate\\Database\\Query\\Builder","file":"E:\\xampp3\\htdocs\\search_api\\vendor\\illuminate\\database\\Query\\Builder.php","function":"onceWithColumns","line":2119,"type":"-&gt;"},{"class":"Illuminate\\Database\\Query\\Builder","file":"E:\\xampp3\\htdocs\\search_api\\vendor\\illuminate\\database\\Query\\Builder.php","function":"runSelect","line":2118,"type":"-&gt;"},{"class":"Laravel\\Lumen\\Application","file":"E:\\xampp3\\htdocs\\search_api\\vendor\\laravel\\lumen-framework\\src\\Concerns\\RoutesRequests.php","function":"Laravel\\Lumen\\Concerns\\{closure}","line":416,"type":"-&gt;"},{"class":"Laravel\\Lumen\\Application","file":"E:\\xampp3\\htdocs\\search_api\\vendor\\laravel\\lumen-framework\\src\\Concerns\\RoutesRequests.php","function":"callActionOnArrayBasedRoute","line":263,"type":"-&gt;"},{"class":"Laravel\\Lumen\\Application","file":"E:\\xampp3\\htdocs\\search_api\\vendor\\laravel\\lumen-framework\\src\\Concerns\\RoutesRequests.php","function":"callControllerAction","line":278,"type":"-&gt;"},{"class":"Laravel\\Lumen\\Application","file":"E:\\xampp3\\htdocs\\search_api\\vendor\\laravel\\lumen-framework\\src\\Concerns\\RoutesRequests.php","function":"callControllerCallable","line":342,"type":"-&gt;"},{"class":"Laravel\\Lumen\\Application","file":"E:\\xampp3\\htdocs\\search_api\\vendor\\laravel\\lumen-framework\\src\\Concerns\\RoutesRequests.php","function":"callLumenController","line":316,"type":"-&gt;"},{"class":"Laravel\\Lumen\\Application","file":"E:\\xampp3\\htdocs\\search_api\\vendor\\laravel\\lumen-framework\\src\\Concerns\\RoutesRequests.php","function":"dispatch","line":91,"type":"-&gt;"},{"class":"Laravel\\Lumen\\Application","file":"E:\\xampp3\\htdocs\\search_api\\vendor\\laravel\\lumen-framework\\src\\Concerns\\RoutesRequests.php","function":"handleFoundRoute","line":165,"type":"-&gt;"},{"class":"Laravel\\Lumen\\Application","file":"E:\\xampp3\\htdocs\\search_api\\vendor\\laravel\\lumen-framework\\src\\Concerns\\RoutesRequests.php","function":"sendThroughPipeline","line":171,"type":"-&gt;"},{"class":"Laravel\\Lumen\\Application","file":"E:\\xampp3\\htdocs\\search_api\\vendor\\laravel\\lumen-framework\\src\\Testing\\Concerns\\MakesHttpRequests.php","function":"handle","line":388,"type":"-&gt;"},{"class":"Laravel\\Lumen\\Testing\\TestCase","file":"E:\\xampp3\\htdocs\\search_api\\tests\\Unit\\ResponseTest.php","function":"json","line":66,"type":"-&gt;"},{"class":"Laravel\\Lumen\\Testing\\TestCase","file":"E:\\xampp3\\htdocs\\search_api\\vendor\\laravel\\lumen-framework\\src\\Testing\\Concerns\\MakesHttpRequests.php","function":"call","line":48,"type":"-&gt;"},{"class":"PHPUnit\\Framework\\TestCase","file":"E:\\xampp3\\htdocs\\search_api\\vendor\\phpunit\\phpunit\\src\\Framework\\TestCase.php","function":"runTest","line":1028,"type":"-&gt;"},{"class":"PHPUnit\\Framework\\TestCase","file":"E:\\xampp3\\htdocs\\search_api\\vendor\\phpunit\\phpunit\\src\\Framework\\TestResult.php","function":"runBare","line":691,"type":"-&gt;"},{"class":"PHPUnit\\Framework\\TestCase","file":"E:\\xampp3\\htdocs\\search_api\\vendor\\phpunit\\phpunit\\src\\Framework\\TestSuite.php","function":"run","line":597,"type":"-&gt;"},{"class":"PHPUnit\\Framework\\TestResult","file":"E:\\xampp3\\htdocs\\search_api\\vendor\\phpunit\\phpunit\\src\\Framework\\TestCase.php","function":"run","line":756,"type":"-&gt;"},{"class":"PHPUnit\\Framework\\TestSuite","file":"E:\\xampp3\\htdocs\\search_api\\vendor\\phpunit\\phpunit\\src\\Framework\\TestSuite.php","function":"run","line":597,"type":"-&gt;"},{"class":"PHPUnit\\Framework\\TestSuite","file":"E:\\xampp3\\htdocs\\search_api\\vendor\\phpunit\\phpunit\\src\\TextUI\\TestRunner.php","function":"run","line":621,"type":"-&gt;"},{"class":"PHPUnit\\TextUI\\Command","file":"E:\\xampp3\\htdocs\\search_api\\vendor\\phpunit\\phpunit\\phpunit","function":"main","line":61,"type":"::"},{"class":"PHPUnit\\TextUI\\Command","file":"E:\\xampp3\\htdocs\\search_api\\vendor\\phpunit\\phpunit\\src\\TextUI\\Command.php","function":"run","line":159,"type":"-&gt;"},{"class":"PHPUnit\\TextUI\\TestRunner","file":"E:\\xampp3\\htdocs\\search_api\\vendor\\phpunit\\phpunit\\src\\TextUI\\Command.php","function":"doRun","line":200,"type":"-&gt;"},{"class":"tests\\Unit\\ResponseTest","file":"E:\\xampp3\\htdocs\\search_api\\vendor\\phpunit\\phpunit\\src\\Framework\\TestCase.php","function":"testResponseFromRestaurantsAPISearchByNameNotExistInDBV1","line":1408,"type":"-&gt;"}]}].
Failed asserting that false is true.

E:\xampp3\htdocs\search_api\vendor\laravel\lumen-framework\src\Testing\Concerns\MakesHttpRequests.php:324
E:\xampp3\htdocs\search_api\vendor\laravel\lumen-framework\src\Testing\Concerns\MakesHttpRequests.php:249
E:\xampp3\htdocs\search_api\tests\Unit\ResponseTest.php:68
</failure>
      </testcase>
      <testcase name="testRestaurantsListResponseV5" class="tests\Unit\ResponseTest" classname="tests.Unit.ResponseTest" file="E:\xampp3\htdocs\search_api\tests\Unit\ResponseTest.php" line="80" assertions="1" time="4.078278">
        <failure type="PHPUnit\Framework\AssertionFailedError">tests\Unit\ResponseTest::testRestaurantsListResponseV5
Invalid JSON was returned from the route. Perhaps an exception was thrown?

E:\xampp3\htdocs\search_api\vendor\laravel\lumen-framework\src\Testing\Concerns\MakesHttpRequests.php:312
E:\xampp3\htdocs\search_api\vendor\laravel\lumen-framework\src\Testing\Concerns\MakesHttpRequests.php:249
E:\xampp3\htdocs\search_api\tests\Unit\ResponseTest.php:86
</failure>
      </testcase>
      <testcase name="testResponseFromRestaurantsAPISoryByEmptyParametersV5" class="tests\Unit\ResponseTest" classname="tests.Unit.ResponseTest" file="E:\xampp3\htdocs\search_api\tests\Unit\ResponseTest.php" line="90" assertions="2" time="0.006821"/>
      <testcase name="testResponseFromRestaurantsAPISoryByInvalidParametersV5" class="tests\Unit\ResponseTest" classname="tests.Unit.ResponseTest" file="E:\xampp3\htdocs\search_api\tests\Unit\ResponseTest.php" line="100" assertions="2" time="0.006819"/>
      <testcase name="testResponseFromRestaurantsAPISoryByValidParametersV5" class="tests\Unit\ResponseTest" classname="tests.Unit.ResponseTest" file="E:\xampp3\htdocs\search_api\tests\Unit\ResponseTest.php" line="109" assertions="1" time="4.033699">
        <failure type="PHPUnit\Framework\ExpectationFailedException">tests\Unit\ResponseTest::testResponseFromRestaurantsAPISoryByValidParametersV5
Unable to find JSON fragment ["code":200] within [{"exception":"Illuminate\\Database\\QueryException","file":"E:\\xampp3\\htdocs\\search_api\\vendor\\illuminate\\database\\Connection.php","line":669,"message":"SQLSTATE[HY000] [2002] No connection could be made because the target machine actively refused it.\r\n (SQL: select * from `restaurants` order by `bestMatch` asc)","trace":[{"class":"App\\Http\\Controllers\\api\\v5\\RestaurantController","function":"getList","type":"-&gt;"},{"file":"E:\\xampp3\\htdocs\\search_api\\vendor\\illuminate\\container\\BoundMethod.php","function":"call_user_func_array","line":32},{"class":"App\\Repositories\\RestaurantRepository","file":"E:\\xampp3\\htdocs\\search_api\\app\\Services\\Api\\v5\\RestaurantService.php","function":"fetchData","line":65,"type":"-&gt;"},{"class":"App\\Services\\api\\v5\\RestaurantService","file":"E:\\xampp3\\htdocs\\search_api\\app\\Http\\Controllers\\Api\\v5\\RestaurantController.php","function":"listData","line":29,"type":"-&gt;"},{"class":"Illuminate\\Container\\BoundMethod","file":"E:\\xampp3\\htdocs\\search_api\\vendor\\illuminate\\container\\BoundMethod.php","function":"callBoundMethod","line":34,"type":"::"},{"class":"Illuminate\\Container\\BoundMethod","file":"E:\\xampp3\\htdocs\\search_api\\vendor\\illuminate\\container\\Container.php","function":"call","line":590,"type":"::"},{"class":"Illuminate\\Container\\BoundMethod","file":"E:\\xampp3\\htdocs\\search_api\\vendor\\illuminate\\container\\Util.php","function":"Illuminate\\Container\\{closure}","line":36,"type":"::"},{"class":"Illuminate\\Container\\Container","file":"E:\\xampp3\\htdocs\\search_api\\vendor\\laravel\\lumen-framework\\src\\Concerns\\RoutesRequests.php","function":"call","line":376,"type":"-&gt;"},{"class":"Illuminate\\Container\\Util","file":"E:\\xampp3\\htdocs\\search_api\\vendor\\illuminate\\container\\BoundMethod.php","function":"unwrapIfClosure","line":90,"type":"::"},{"class":"Illuminate\\Database\\Connection","file":"E:\\xampp3\\htdocs\\search_api\\vendor\\illuminate\\database\\Connection.php","function":"run","line":338,"type":"-&gt;"},{"class":"Illuminate\\Database\\Connection","file":"E:\\xampp3\\htdocs\\search_api\\vendor\\illuminate\\database\\Connection.php","function":"runQueryCallback","line":629,"type":"-&gt;"},{"class":"Illuminate\\Database\\Connection","file":"E:\\xampp3\\htdocs\\search_api\\vendor\\illuminate\\database\\Query\\Builder.php","function":"select","line":2130,"type":"-&gt;"},{"class":"Illuminate\\Database\\Eloquent\\Builder","file":"E:\\xampp3\\htdocs\\search_api\\app\\Repositories\\RestaurantRepository.php","function":"get","line":26,"type":"-&gt;"},{"class":"Illuminate\\Database\\Eloquent\\Builder","file":"E:\\xampp3\\htdocs\\search_api\\vendor\\illuminate\\database\\Eloquent\\Builder.php","function":"getModels","line":505,"type":"-&gt;"},{"class":"Illuminate\\Database\\Query\\Builder","file":"E:\\xampp3\\htdocs\\search_api\\vendor\\illuminate\\database\\Eloquent\\Builder.php","function":"get","line":521,"type":"-&gt;"},{"class":"Illuminate\\Database\\Query\\Builder","file":"E:\\xampp3\\htdocs\\search_api\\vendor\\illuminate\\database\\Query\\Builder.php","function":"Illuminate\\Database\\Query\\{closure}","line":2584,"type":"-&gt;"},{"class":"Illuminate\\Database\\Query\\Builder","file":"E:\\xampp3\\htdocs\\search_api\\vendor\\illuminate\\database\\Query\\Builder.php","function":"onceWithColumns","line":2119,"type":"-&gt;"},{"class":"Illuminate\\Database\\Query\\Builder","file":"E:\\xampp3\\htdocs\\search_api\\vendor\\illuminate\\database\\Query\\Builder.php","function":"runSelect","line":2118,"type":"-&gt;"},{"class":"Laravel\\Lumen\\Application","file":"E:\\xampp3\\htdocs\\search_api\\vendor\\laravel\\lumen-framework\\src\\Concerns\\RoutesRequests.php","function":"Laravel\\Lumen\\Concerns\\{closure}","line":416,"type":"-&gt;"},{"class":"Laravel\\Lumen\\Application","file":"E:\\xampp3\\htdocs\\search_api\\vendor\\laravel\\lumen-framework\\src\\Concerns\\RoutesRequests.php","function":"callActionOnArrayBasedRoute","line":263,"type":"-&gt;"},{"class":"Laravel\\Lumen\\Application","file":"E:\\xampp3\\htdocs\\search_api\\vendor\\laravel\\lumen-framework\\src\\Concerns\\RoutesRequests.php","function":"callControllerAction","line":278,"type":"-&gt;"},{"class":"Laravel\\Lumen\\Application","file":"E:\\xampp3\\htdocs\\search_api\\vendor\\laravel\\lumen-framework\\src\\Concerns\\RoutesRequests.php","function":"callControllerCallable","line":342,"type":"-&gt;"},{"class":"Laravel\\Lumen\\Application","file":"E:\\xampp3\\htdocs\\search_api\\vendor\\laravel\\lumen-framework\\src\\Concerns\\RoutesRequests.php","function":"callLumenController","line":316,"type":"-&gt;"},{"class":"Laravel\\Lumen\\Application","file":"E:\\xampp3\\htdocs\\search_api\\vendor\\laravel\\lumen-framework\\src\\Concerns\\RoutesRequests.php","function":"dispatch","line":91,"type":"-&gt;"},{"class":"Laravel\\Lumen\\Application","file":"E:\\xampp3\\htdocs\\search_api\\vendor\\laravel\\lumen-framework\\src\\Concerns\\RoutesRequests.php","function":"handleFoundRoute","line":165,"type":"-&gt;"},{"class":"Laravel\\Lumen\\Application","file":"E:\\xampp3\\htdocs\\search_api\\vendor\\laravel\\lumen-framework\\src\\Concerns\\RoutesRequests.php","function":"sendThroughPipeline","line":171,"type":"-&gt;"},{"class":"Laravel\\Lumen\\Application","file":"E:\\xampp3\\htdocs\\search_api\\vendor\\laravel\\lumen-framework\\src\\Testing\\Concerns\\MakesHttpRequests.php","function":"handle","line":388,"type":"-&gt;"},{"class":"Laravel\\Lumen\\Testing\\TestCase","file":"E:\\xampp3\\htdocs\\search_api\\tests\\Unit\\ResponseTest.php","function":"json","line":111,"type":"-&gt;"},{"class":"Laravel\\Lumen\\Testing\\TestCase","file":"E:\\xampp3\\htdocs\\search_api\\vendor\\laravel\\lumen-framework\\src\\Testing\\Concerns\\MakesHttpRequests.php","function":"call","line":48,"type":"-&gt;"},{"class":"PHPUnit\\Framework\\TestCase","file":"E:\\xampp3\\htdocs\\search_api\\vendor\\phpunit\\phpunit\\src\\Framework\\TestCase.php","function":"runTest","line":1028,"type":"-&gt;"},{"class":"PHPUnit\\Framework\\TestCase","file":"E:\\xampp3\\htdocs\\search_api\\vendor\\phpunit\\phpunit\\src\\Framework\\TestResult.php","function":"runBare","line":691,"type":"-&gt;"},{"class":"PHPUnit\\Framework\\TestCase","file":"E:\\xampp3\\htdocs\\search_api\\vendor\\phpunit\\phpunit\\src\\Framework\\TestSuite.php","function":"run","line":597,"type":"-&gt;"},{"class":"PHPUnit\\Framework\\TestResult","file":"E:\\xampp3\\htdocs\\search_api\\vendor\\phpunit\\phpunit\\src\\Framework\\TestCase.php","function":"run","line":756,"type":"-&gt;"},{"class":"PHPUnit\\Framework\\TestSuite","file":"E:\\xampp3\\htdocs\\search_api\\vendor\\phpunit\\phpunit\\src\\Framework\\TestSuite.php","function":"run","line":597,"type":"-&gt;"},{"class":"PHPUnit\\Framework\\TestSuite","file":"E:\\xampp3\\htdocs\\search_api\\vendor\\phpunit\\phpunit\\src\\TextUI\\TestRunner.php","function":"run","line":621,"type":"-&gt;"},{"class":"PHPUnit\\TextUI\\Command","file":"E:\\xampp3\\htdocs\\search_api\\vendor\\phpunit\\phpunit\\phpunit","function":"main","line":61,"type":"::"},{"class":"PHPUnit\\TextUI\\Command","file":"E:\\xampp3\\htdocs\\search_api\\vendor\\phpunit\\phpunit\\src\\TextUI\\Command.php","function":"run","line":159,"type":"-&gt;"},{"class":"PHPUnit\\TextUI\\TestRunner","file":"E:\\xampp3\\htdocs\\search_api\\vendor\\phpunit\\phpunit\\src\\TextUI\\Command.php","function":"doRun","line":200,"type":"-&gt;"},{"class":"tests\\Unit\\ResponseTest","file":"E:\\xampp3\\htdocs\\search_api\\vendor\\phpunit\\phpunit\\src\\Framework\\TestCase.php","function":"testResponseFromRestaurantsAPISoryByValidParametersV5","line":1408,"type":"-&gt;"}]}].
Failed asserting that false is true.

E:\xampp3\htdocs\search_api\vendor\laravel\lumen-framework\src\Testing\Concerns\MakesHttpRequests.php:324
E:\xampp3\htdocs\search_api\vendor\laravel\lumen-framework\src\Testing\Concerns\MakesHttpRequests.php:249
E:\xampp3\htdocs\search_api\tests\Unit\ResponseTest.php:115
</failure>
      </testcase>
      <testcase name="testResponseFromRestaurantsAPISearchByNameExistInDBV5" class="tests\Unit\ResponseTest" classname="tests.Unit.ResponseTest" file="E:\xampp3\htdocs\search_api\tests\Unit\ResponseTest.php" line="119" assertions="1" time="4.063909">
        <failure type="PHPUnit\Framework\ExpectationFailedException">tests\Unit\ResponseTest::testResponseFromRestaurantsAPISearchByNameExistInDBV5
Unable to find JSON fragment ["code":200] within [{"exception":"Illuminate\\Database\\QueryException","file":"E:\\xampp3\\htdocs\\search_api\\vendor\\illuminate\\database\\Connection.php","line":669,"message":"SQLSTATE[HY000] [2002] No connection could be made because the target machine actively refused it.\r\n (SQL: select * from `restaurants` where `name` LIKE %classic% order by `open` asc)","trace":[{"class":"App\\Http\\Controllers\\api\\v5\\RestaurantController","function":"getList","type":"-&gt;"},{"file":"E:\\xampp3\\htdocs\\search_api\\vendor\\illuminate\\container\\BoundMethod.php","function":"call_user_func_array","line":32},{"class":"App\\Repositories\\RestaurantRepository","file":"E:\\xampp3\\htdocs\\search_api\\app\\Services\\Api\\v5\\RestaurantService.php","function":"fetchData","line":65,"type":"-&gt;"},{"class":"App\\Services\\api\\v5\\RestaurantService","file":"E:\\xampp3\\htdocs\\search_api\\app\\Http\\Controllers\\Api\\v5\\RestaurantController.php","function":"listData","line":29,"type":"-&gt;"},{"class":"Illuminate\\Container\\BoundMethod","file":"E:\\xampp3\\htdocs\\search_api\\vendor\\illuminate\\container\\BoundMethod.php","function":"callBoundMethod","line":34,"type":"::"},{"class":"Illuminate\\Container\\BoundMethod","file":"E:\\xampp3\\htdocs\\search_api\\vendor\\illuminate\\container\\Container.php","function":"call","line":590,"type":"::"},{"class":"Illuminate\\Container\\BoundMethod","file":"E:\\xampp3\\htdocs\\search_api\\vendor\\illuminate\\container\\Util.php","function":"Illuminate\\Container\\{closure}","line":36,"type":"::"},{"class":"Illuminate\\Container\\Container","file":"E:\\xampp3\\htdocs\\search_api\\vendor\\laravel\\lumen-framework\\src\\Concerns\\RoutesRequests.php","function":"call","line":376,"type":"-&gt;"},{"class":"Illuminate\\Container\\Util","file":"E:\\xampp3\\htdocs\\search_api\\vendor\\illuminate\\container\\BoundMethod.php","function":"unwrapIfClosure","line":90,"type":"::"},{"class":"Illuminate\\Database\\Connection","file":"E:\\xampp3\\htdocs\\search_api\\vendor\\illuminate\\database\\Connection.php","function":"run","line":338,"type":"-&gt;"},{"class":"Illuminate\\Database\\Connection","file":"E:\\xampp3\\htdocs\\search_api\\vendor\\illuminate\\database\\Connection.php","function":"runQueryCallback","line":629,"type":"-&gt;"},{"class":"Illuminate\\Database\\Connection","file":"E:\\xampp3\\htdocs\\search_api\\vendor\\illuminate\\database\\Query\\Builder.php","function":"select","line":2130,"type":"-&gt;"},{"class":"Illuminate\\Database\\Eloquent\\Builder","file":"E:\\xampp3\\htdocs\\search_api\\app\\Repositories\\RestaurantRepository.php","function":"get","line":26,"type":"-&gt;"},{"class":"Illuminate\\Database\\Eloquent\\Builder","file":"E:\\xampp3\\htdocs\\search_api\\vendor\\illuminate\\database\\Eloquent\\Builder.php","function":"getModels","line":505,"type":"-&gt;"},{"class":"Illuminate\\Database\\Query\\Builder","file":"E:\\xampp3\\htdocs\\search_api\\vendor\\illuminate\\database\\Eloquent\\Builder.php","function":"get","line":521,"type":"-&gt;"},{"class":"Illuminate\\Database\\Query\\Builder","file":"E:\\xampp3\\htdocs\\search_api\\vendor\\illuminate\\database\\Query\\Builder.php","function":"Illuminate\\Database\\Query\\{closure}","line":2584,"type":"-&gt;"},{"class":"Illuminate\\Database\\Query\\Builder","file":"E:\\xampp3\\htdocs\\search_api\\vendor\\illuminate\\database\\Query\\Builder.php","function":"onceWithColumns","line":2119,"type":"-&gt;"},{"class":"Illuminate\\Database\\Query\\Builder","file":"E:\\xampp3\\htdocs\\search_api\\vendor\\illuminate\\database\\Query\\Builder.php","function":"runSelect","line":2118,"type":"-&gt;"},{"class":"Laravel\\Lumen\\Application","file":"E:\\xampp3\\htdocs\\search_api\\vendor\\laravel\\lumen-framework\\src\\Concerns\\RoutesRequests.php","function":"Laravel\\Lumen\\Concerns\\{closure}","line":416,"type":"-&gt;"},{"class":"Laravel\\Lumen\\Application","file":"E:\\xampp3\\htdocs\\search_api\\vendor\\laravel\\lumen-framework\\src\\Concerns\\RoutesRequests.php","function":"callActionOnArrayBasedRoute","line":263,"type":"-&gt;"},{"class":"Laravel\\Lumen\\Application","file":"E:\\xampp3\\htdocs\\search_api\\vendor\\laravel\\lumen-framework\\src\\Concerns\\RoutesRequests.php","function":"callControllerAction","line":278,"type":"-&gt;"},{"class":"Laravel\\Lumen\\Application","file":"E:\\xampp3\\htdocs\\search_api\\vendor\\laravel\\lumen-framework\\src\\Concerns\\RoutesRequests.php","function":"callControllerCallable","line":342,"type":"-&gt;"},{"class":"Laravel\\Lumen\\Application","file":"E:\\xampp3\\htdocs\\search_api\\vendor\\laravel\\lumen-framework\\src\\Concerns\\RoutesRequests.php","function":"callLumenController","line":316,"type":"-&gt;"},{"class":"Laravel\\Lumen\\Application","file":"E:\\xampp3\\htdocs\\search_api\\vendor\\laravel\\lumen-framework\\src\\Concerns\\RoutesRequests.php","function":"dispatch","line":91,"type":"-&gt;"},{"class":"Laravel\\Lumen\\Application","file":"E:\\xampp3\\htdocs\\search_api\\vendor\\laravel\\lumen-framework\\src\\Concerns\\RoutesRequests.php","function":"handleFoundRoute","line":165,"type":"-&gt;"},{"class":"Laravel\\Lumen\\Application","file":"E:\\xampp3\\htdocs\\search_api\\vendor\\laravel\\lumen-framework\\src\\Concerns\\RoutesRequests.php","function":"sendThroughPipeline","line":171,"type":"-&gt;"},{"class":"Laravel\\Lumen\\Application","file":"E:\\xampp3\\htdocs\\search_api\\vendor\\laravel\\lumen-framework\\src\\Testing\\Concerns\\MakesHttpRequests.php","function":"handle","line":388,"type":"-&gt;"},{"class":"Laravel\\Lumen\\Testing\\TestCase","file":"E:\\xampp3\\htdocs\\search_api\\tests\\Unit\\ResponseTest.php","function":"json","line":121,"type":"-&gt;"},{"class":"Laravel\\Lumen\\Testing\\TestCase","file":"E:\\xampp3\\htdocs\\search_api\\vendor\\laravel\\lumen-framework\\src\\Testing\\Concerns\\MakesHttpRequests.php","function":"call","line":48,"type":"-&gt;"},{"class":"PHPUnit\\Framework\\TestCase","file":"E:\\xampp3\\htdocs\\search_api\\vendor\\phpunit\\phpunit\\src\\Framework\\TestCase.php","function":"runTest","line":1028,"type":"-&gt;"},{"class":"PHPUnit\\Framework\\TestCase","file":"E:\\xampp3\\htdocs\\search_api\\vendor\\phpunit\\phpunit\\src\\Framework\\TestResult.php","function":"runBare","line":691,"type":"-&gt;"},{"class":"PHPUnit\\Framework\\TestCase","file":"E:\\xampp3\\htdocs\\search_api\\vendor\\phpunit\\phpunit\\src\\Framework\\TestSuite.php","function":"run","line":597,"type":"-&gt;"},{"class":"PHPUnit\\Framework\\TestResult","file":"E:\\xampp3\\htdocs\\search_api\\vendor\\phpunit\\phpunit\\src\\Framework\\TestCase.php","function":"run","line":756,"type":"-&gt;"},{"class":"PHPUnit\\Framework\\TestSuite","file":"E:\\xampp3\\htdocs\\search_api\\vendor\\phpunit\\phpunit\\src\\Framework\\TestSuite.php","function":"run","line":597,"type":"-&gt;"},{"class":"PHPUnit\\Framework\\TestSuite","file":"E:\\xampp3\\htdocs\\search_api\\vendor\\phpunit\\phpunit\\src\\TextUI\\TestRunner.php","function":"run","line":621,"type":"-&gt;"},{"class":"PHPUnit\\TextUI\\Command","file":"E:\\xampp3\\htdocs\\search_api\\vendor\\phpunit\\phpunit\\phpunit","function":"main","line":61,"type":"::"},{"class":"PHPUnit\\TextUI\\Command","file":"E:\\xampp3\\htdocs\\search_api\\vendor\\phpunit\\phpunit\\src\\TextUI\\Command.php","function":"run","line":159,"type":"-&gt;"},{"class":"PHPUnit\\TextUI\\TestRunner","file":"E:\\xampp3\\htdocs\\search_api\\vendor\\phpunit\\phpunit\\src\\TextUI\\Command.php","function":"doRun","line":200,"type":"-&gt;"},{"class":"tests\\Unit\\ResponseTest","file":"E:\\xampp3\\htdocs\\search_api\\vendor\\phpunit\\phpunit\\src\\Framework\\TestCase.php","function":"testResponseFromRestaurantsAPISearchByNameExistInDBV5","line":1408,"type":"-&gt;"}]}].
Failed asserting that false is true.

E:\xampp3\htdocs\search_api\vendor\laravel\lumen-framework\src\Testing\Concerns\MakesHttpRequests.php:324
E:\xampp3\htdocs\search_api\vendor\laravel\lumen-framework\src\Testing\Concerns\MakesHttpRequests.php:249
E:\xampp3\htdocs\search_api\tests\Unit\ResponseTest.php:126
</failure>
      </testcase>
      <testcase name="testResponseFromRestaurantsAPISearchByNameNotExistInDBV5" class="tests\Unit\ResponseTest" classname="tests.Unit.ResponseTest" file="E:\xampp3\htdocs\search_api\tests\Unit\ResponseTest.php" line="130" assertions="1" time="4.053432">
        <failure type="PHPUnit\Framework\ExpectationFailedException">tests\Unit\ResponseTest::testResponseFromRestaurantsAPISearchByNameNotExistInDBV5
Unable to find JSON fragment ["code":200] within [{"exception":"Illuminate\\Database\\QueryException","file":"E:\\xampp3\\htdocs\\search_api\\vendor\\illuminate\\database\\Connection.php","line":669,"message":"SQLSTATE[HY000] [2002] No connection could be made because the target machine actively refused it.\r\n (SQL: select * from `restaurants` where `name` LIKE %No Similar Data% order by `open` asc)","trace":[{"class":"App\\Http\\Controllers\\api\\v5\\RestaurantController","function":"getList","type":"-&gt;"},{"file":"E:\\xampp3\\htdocs\\search_api\\vendor\\illuminate\\container\\BoundMethod.php","function":"call_user_func_array","line":32},{"class":"App\\Repositories\\RestaurantRepository","file":"E:\\xampp3\\htdocs\\search_api\\app\\Services\\Api\\v5\\RestaurantService.php","function":"fetchData","line":65,"type":"-&gt;"},{"class":"App\\Services\\api\\v5\\RestaurantService","file":"E:\\xampp3\\htdocs\\search_api\\app\\Http\\Controllers\\Api\\v5\\RestaurantController.php","function":"listData","line":29,"type":"-&gt;"},{"class":"Illuminate\\Container\\BoundMethod","file":"E:\\xampp3\\htdocs\\search_api\\vendor\\illuminate\\container\\BoundMethod.php","function":"callBoundMethod","line":34,"type":"::"},{"class":"Illuminate\\Container\\BoundMethod","file":"E:\\xampp3\\htdocs\\search_api\\vendor\\illuminate\\container\\Container.php","function":"call","line":590,"type":"::"},{"class":"Illuminate\\Container\\BoundMethod","file":"E:\\xampp3\\htdocs\\search_api\\vendor\\illuminate\\container\\Util.php","function":"Illuminate\\Container\\{closure}","line":36,"type":"::"},{"class":"Illuminate\\Container\\Container","file":"E:\\xampp3\\htdocs\\search_api\\vendor\\laravel\\lumen-framework\\src\\Concerns\\RoutesRequests.php","function":"call","line":376,"type":"-&gt;"},{"class":"Illuminate\\Container\\Util","file":"E:\\xampp3\\htdocs\\search_api\\vendor\\illuminate\\container\\BoundMethod.php","function":"unwrapIfClosure","line":90,"type":"::"},{"class":"Illuminate\\Database\\Connection","file":"E:\\xampp3\\htdocs\\search_api\\vendor\\illuminate\\database\\Connection.php","function":"run","line":338,"type":"-&gt;"},{"class":"Illuminate\\Database\\Connection","file":"E:\\xampp3\\htdocs\\search_api\\vendor\\illuminate\\database\\Connection.php","function":"runQueryCallback","line":629,"type":"-&gt;"},{"class":"Illuminate\\Database\\Connection","file":"E:\\xampp3\\htdocs\\search_api\\vendor\\illuminate\\database\\Query\\Builder.php","function":"select","line":2130,"type":"-&gt;"},{"class":"Illuminate\\Database\\Eloquent\\Builder","file":"E:\\xampp3\\htdocs\\search_api\\app\\Repositories\\RestaurantRepository.php","function":"get","line":26,"type":"-&gt;"},{"class":"Illuminate\\Database\\Eloquent\\Builder","file":"E:\\xampp3\\htdocs\\search_api\\vendor\\illuminate\\database\\Eloquent\\Builder.php","function":"getModels","line":505,"type":"-&gt;"},{"class":"Illuminate\\Database\\Query\\Builder","file":"E:\\xampp3\\htdocs\\search_api\\vendor\\illuminate\\database\\Eloquent\\Builder.php","function":"get","line":521,"type":"-&gt;"},{"class":"Illuminate\\Database\\Query\\Builder","file":"E:\\xampp3\\htdocs\\search_api\\vendor\\illuminate\\database\\Query\\Builder.php","function":"Illuminate\\Database\\Query\\{closure}","line":2584,"type":"-&gt;"},{"class":"Illuminate\\Database\\Query\\Builder","file":"E:\\xampp3\\htdocs\\search_api\\vendor\\illuminate\\database\\Query\\Builder.php","function":"onceWithColumns","line":2119,"type":"-&gt;"},{"class":"Illuminate\\Database\\Query\\Builder","file":"E:\\xampp3\\htdocs\\search_api\\vendor\\illuminate\\database\\Query\\Builder.php","function":"runSelect","line":2118,"type":"-&gt;"},{"class":"Laravel\\Lumen\\Application","file":"E:\\xampp3\\htdocs\\search_api\\vendor\\laravel\\lumen-framework\\src\\Concerns\\RoutesRequests.php","function":"Laravel\\Lumen\\Concerns\\{closure}","line":416,"type":"-&gt;"},{"class":"Laravel\\Lumen\\Application","file":"E:\\xampp3\\htdocs\\search_api\\vendor\\laravel\\lumen-framework\\src\\Concerns\\RoutesRequests.php","function":"callActionOnArrayBasedRoute","line":263,"type":"-&gt;"},{"class":"Laravel\\Lumen\\Application","file":"E:\\xampp3\\htdocs\\search_api\\vendor\\laravel\\lumen-framework\\src\\Concerns\\RoutesRequests.php","function":"callControllerAction","line":278,"type":"-&gt;"},{"class":"Laravel\\Lumen\\Application","file":"E:\\xampp3\\htdocs\\search_api\\vendor\\laravel\\lumen-framework\\src\\Concerns\\RoutesRequests.php","function":"callControllerCallable","line":342,"type":"-&gt;"},{"class":"Laravel\\Lumen\\Application","file":"E:\\xampp3\\htdocs\\search_api\\vendor\\laravel\\lumen-framework\\src\\Concerns\\RoutesRequests.php","function":"callLumenController","line":316,"type":"-&gt;"},{"class":"Laravel\\Lumen\\Application","file":"E:\\xampp3\\htdocs\\search_api\\vendor\\laravel\\lumen-framework\\src\\Concerns\\RoutesRequests.php","function":"dispatch","line":91,"type":"-&gt;"},{"class":"Laravel\\Lumen\\Application","file":"E:\\xampp3\\htdocs\\search_api\\vendor\\laravel\\lumen-framework\\src\\Concerns\\RoutesRequests.php","function":"handleFoundRoute","line":165,"type":"-&gt;"},{"class":"Laravel\\Lumen\\Application","file":"E:\\xampp3\\htdocs\\search_api\\vendor\\laravel\\lumen-framework\\src\\Concerns\\RoutesRequests.php","function":"sendThroughPipeline","line":171,"type":"-&gt;"},{"class":"Laravel\\Lumen\\Application","file":"E:\\xampp3\\htdocs\\search_api\\vendor\\laravel\\lumen-framework\\src\\Testing\\Concerns\\MakesHttpRequests.php","function":"handle","line":388,"type":"-&gt;"},{"class":"Laravel\\Lumen\\Testing\\TestCase","file":"E:\\xampp3\\htdocs\\search_api\\tests\\Unit\\ResponseTest.php","function":"json","line":132,"type":"-&gt;"},{"class":"Laravel\\Lumen\\Testing\\TestCase","file":"E:\\xampp3\\htdocs\\search_api\\vendor\\laravel\\lumen-framework\\src\\Testing\\Concerns\\MakesHttpRequests.php","function":"call","line":48,"type":"-&gt;"},{"class":"PHPUnit\\Framework\\TestCase","file":"E:\\xampp3\\htdocs\\search_api\\vendor\\phpunit\\phpunit\\src\\Framework\\TestCase.php","function":"runTest","line":1028,"type":"-&gt;"},{"class":"PHPUnit\\Framework\\TestCase","file":"E:\\xampp3\\htdocs\\search_api\\vendor\\phpunit\\phpunit\\src\\Framework\\TestResult.php","function":"runBare","line":691,"type":"-&gt;"},{"class":"PHPUnit\\Framework\\TestCase","file":"E:\\xampp3\\htdocs\\search_api\\vendor\\phpunit\\phpunit\\src\\Framework\\TestSuite.php","function":"run","line":597,"type":"-&gt;"},{"class":"PHPUnit\\Framework\\TestResult","file":"E:\\xampp3\\htdocs\\search_api\\vendor\\phpunit\\phpunit\\src\\Framework\\TestCase.php","function":"run","line":756,"type":"-&gt;"},{"class":"PHPUnit\\Framework\\TestSuite","file":"E:\\xampp3\\htdocs\\search_api\\vendor\\phpunit\\phpunit\\src\\Framework\\TestSuite.php","function":"run","line":597,"type":"-&gt;"},{"class":"PHPUnit\\Framework\\TestSuite","file":"E:\\xampp3\\htdocs\\search_api\\vendor\\phpunit\\phpunit\\src\\TextUI\\TestRunner.php","function":"run","line":621,"type":"-&gt;"},{"class":"PHPUnit\\TextUI\\Command","file":"E:\\xampp3\\htdocs\\search_api\\vendor\\phpunit\\phpunit\\phpunit","function":"main","line":61,"type":"::"},{"class":"PHPUnit\\TextUI\\Command","file":"E:\\xampp3\\htdocs\\search_api\\vendor\\phpunit\\phpunit\\src\\TextUI\\Command.php","function":"run","line":159,"type":"-&gt;"},{"class":"PHPUnit\\TextUI\\TestRunner","file":"E:\\xampp3\\htdocs\\search_api\\vendor\\phpunit\\phpunit\\src\\TextUI\\Command.php","function":"doRun","line":200,"type":"-&gt;"},{"class":"tests\\Unit\\ResponseTest","file":"E:\\xampp3\\htdocs\\search_api\\vendor\\phpunit\\phpunit\\src\\Framework\\TestCase.php","function":"testResponseFromRestaurantsAPISearchByNameNotExistInDBV5","line":1408,"type":"-&gt;"}]}].
Failed asserting that false is true.

E:\xampp3\htdocs\search_api\vendor\laravel\lumen-framework\src\Testing\Concerns\MakesHttpRequests.php:324
E:\xampp3\htdocs\search_api\vendor\laravel\lumen-framework\src\Testing\Concerns\MakesHttpRequests.php:249
E:\xampp3\htdocs\search_api\tests\Unit\ResponseTest.php:134
</failure>
      </testcase>
    </testsuite>
    <testsuite name="tests\Unit\RouteTest" file="E:\xampp3\htdocs\search_api\tests\Unit\RouteTest.php" tests="3" assertions="3" errors="0" warnings="0" failures="2" skipped="0" time="8.343068">
      <testcase name="testHomeRoute" class="tests\Unit\RouteTest" classname="tests.Unit.RouteTest" file="E:\xampp3\htdocs\search_api\tests\Unit\RouteTest.php" line="14" assertions="1" time="0.052787"/>
      <testcase name="testRestaurantRouteV1" class="tests\Unit\RouteTest" classname="tests.Unit.RouteTest" file="E:\xampp3\htdocs\search_api\tests\Unit\RouteTest.php" line="25" assertions="1" time="4.212230">
        <failure type="PHPUnit\Framework\ExpectationFailedException">tests\Unit\RouteTest::testRestaurantRouteV1
Failed asserting that 500 matches expected 200.

E:\xampp3\htdocs\search_api\tests\Unit\RouteTest.php:28
</failure>
      </testcase>
      <testcase name="testRestaurantRouteV5" class="tests\Unit\RouteTest" classname="tests.Unit.RouteTest" file="E:\xampp3\htdocs\search_api\tests\Unit\RouteTest.php" line="36" assertions="1" time="4.078051">
        <failure type="PHPUnit\Framework\ExpectationFailedException">tests\Unit\RouteTest::testRestaurantRouteV5
Failed asserting that 500 matches expected 200.

E:\xampp3\htdocs\search_api\tests\Unit\RouteTest.php:39
</failure>
      </testcase>
    </testsuite>
  </testsuite>
</testsuites>
